<?xml version="1.0" encoding="UTF-8"?>
<testsuite name="JoeRevolverTest" tests="1" skipped="0" failures="0" errors="0" timestamp="2023-11-22T14:38:24" hostname="LAPTOP-EFP006LF" time="0.017">
  <properties/>
  <testcase name="itsWork()" classname="JoeRevolverTest" time="0.017"/>
  <system-out><![CDATA[]]></system-out>
  <system-err><![CDATA[]]></system-err>
</testsuite>
