<?xml version="1.0" encoding="UTF-8"?>
<testsuite name="RunningSumTest" tests="1" skipped="0" failures="0" errors="0" timestamp="2023-11-30T15:27:42" hostname="LAPTOP-EFP006LF" time="0.015">
  <properties/>
  <testcase name="example3()" classname="RunningSumTest" time="0.015"/>
  <system-out><![CDATA[]]></system-out>
  <system-err><![CDATA[]]></system-err>
</testsuite>
